[2018-04-03 21:36:44.685] [main] [DEBUG] [SearchEngineApplication] - Starting up the Search Engine...
[2018-04-03 21:36:44.989] [main] [INFO ] [SearchEngineApplication] - Starting SearchEngineApplication on afnans-mbp with PID 8059 (started by afnanrehman in /Users/afnanrehman/Documents/Eclipse Oxygen Workspace/SearchEngineProject)
[2018-04-03 21:36:44.990] [main] [DEBUG] [SearchEngineApplication] - Running with Spring Boot v2.0.0.RELEASE, Spring v5.0.4.RELEASE
[2018-04-03 21:36:44.991] [main] [INFO ] [SearchEngineApplication] - No active profile set, falling back to default profiles: default
[2018-04-03 21:36:45.027] [main] [INFO ] [AnnotationConfigServletWebServerApplicationContext] - Refreshing org.springframework.boot.web.servlet.context.AnnotationConfigServletWebServerApplicationContext@58a9760d: startup date [Tue Apr 03 21:36:45 EDT 2018]; root of context hierarchy
[2018-04-03 21:36:45.924] [main] [INFO ] [TomcatWebServer] - Tomcat initialized with port(s): 8080 (http)
[2018-04-03 21:36:45.945] [main] [INFO ] [Http11NioProtocol] - Initializing ProtocolHandler ["http-nio-8080"]
[2018-04-03 21:36:45.953] [main] [INFO ] [StandardService] - Starting service [Tomcat]
[2018-04-03 21:36:45.953] [main] [INFO ] [StandardEngine] - Starting Servlet Engine: Apache Tomcat/8.5.28
[2018-04-03 21:36:45.962] [localhost-startStop-1] [INFO ] [AprLifecycleListener] - The APR based Apache Tomcat Native library which allows optimal performance in production environments was not found on the java.library.path: [/Users/afnanrehman/Library/Java/Extensions:/Library/Java/Extensions:/Network/Library/Java/Extensions:/System/Library/Java/Extensions:/usr/lib/java:.]
[2018-04-03 21:36:46.035] [localhost-startStop-1] [INFO ] [[/]] - Initializing Spring embedded WebApplicationContext
[2018-04-03 21:36:46.035] [localhost-startStop-1] [INFO ] [ContextLoader] - Root WebApplicationContext: initialization completed in 1010 ms
[2018-04-03 21:36:46.132] [localhost-startStop-1] [INFO ] [ServletRegistrationBean] - Servlet dispatcherServlet mapped to [/]
[2018-04-03 21:36:46.135] [localhost-startStop-1] [INFO ] [FilterRegistrationBean] - Mapping filter: 'characterEncodingFilter' to: [/*]
[2018-04-03 21:36:46.135] [localhost-startStop-1] [INFO ] [FilterRegistrationBean] - Mapping filter: 'hiddenHttpMethodFilter' to: [/*]
[2018-04-03 21:36:46.136] [localhost-startStop-1] [INFO ] [FilterRegistrationBean] - Mapping filter: 'httpPutFormContentFilter' to: [/*]
[2018-04-03 21:36:46.136] [localhost-startStop-1] [INFO ] [FilterRegistrationBean] - Mapping filter: 'requestContextFilter' to: [/*]
[2018-04-03 21:36:46.429] [main] [INFO ] [RequestMappingHandlerAdapter] - Looking for @ControllerAdvice: org.springframework.boot.web.servlet.context.AnnotationConfigServletWebServerApplicationContext@58a9760d: startup date [Tue Apr 03 21:36:45 EDT 2018]; root of context hierarchy
[2018-04-03 21:36:46.489] [main] [INFO ] [RequestMappingHandlerMapping] - Mapped "{[/],methods=[GET]}" onto public java.lang.String com.uwindsor.acc.searchengine.controllers.SearchController.searchEngineStartUp(org.springframework.ui.Model)
[2018-04-03 21:36:46.490] [main] [INFO ] [RequestMappingHandlerMapping] - Mapped "{[/search],methods=[POST]}" onto public java.lang.String com.uwindsor.acc.searchengine.controllers.SearchController.searchQuery(com.uwindsor.acc.searchengine.models.SearchQuery,org.springframework.ui.Model)
[2018-04-03 21:36:46.493] [main] [INFO ] [RequestMappingHandlerMapping] - Mapped "{[/error]}" onto public org.springframework.http.ResponseEntity<java.util.Map<java.lang.String, java.lang.Object>> org.springframework.boot.autoconfigure.web.servlet.error.BasicErrorController.error(javax.servlet.http.HttpServletRequest)
[2018-04-03 21:36:46.494] [main] [INFO ] [RequestMappingHandlerMapping] - Mapped "{[/error],produces=[text/html]}" onto public org.springframework.web.servlet.ModelAndView org.springframework.boot.autoconfigure.web.servlet.error.BasicErrorController.errorHtml(javax.servlet.http.HttpServletRequest,javax.servlet.http.HttpServletResponse)
[2018-04-03 21:36:46.517] [main] [INFO ] [SimpleUrlHandlerMapping] - Mapped URL path [/webjars/**] onto handler of type [class org.springframework.web.servlet.resource.ResourceHttpRequestHandler]
[2018-04-03 21:36:46.517] [main] [INFO ] [SimpleUrlHandlerMapping] - Mapped URL path [/**] onto handler of type [class org.springframework.web.servlet.resource.ResourceHttpRequestHandler]
[2018-04-03 21:36:46.542] [main] [INFO ] [SimpleUrlHandlerMapping] - Mapped URL path [/**/favicon.ico] onto handler of type [class org.springframework.web.servlet.resource.ResourceHttpRequestHandler]
[2018-04-03 21:36:46.779] [main] [INFO ] [AnnotationMBeanExporter] - Registering beans for JMX exposure on startup
[2018-04-03 21:36:46.790] [main] [INFO ] [Http11NioProtocol] - Starting ProtocolHandler ["http-nio-8080"]
[2018-04-03 21:36:46.810] [main] [INFO ] [NioSelectorPool] - Using a shared selector for servlet write/read
[2018-04-03 21:36:46.820] [main] [INFO ] [TomcatWebServer] - Tomcat started on port(s): 8080 (http) with context path ''
[2018-04-03 21:36:46.822] [main] [INFO ] [SearchEngineApplication] - Started SearchEngineApplication in 2.044 seconds (JVM running for 2.812)
[2018-04-03 21:39:35.767] [Thread-3] [INFO ] [AnnotationConfigServletWebServerApplicationContext] - Closing org.springframework.boot.web.servlet.context.AnnotationConfigServletWebServerApplicationContext@58a9760d: startup date [Tue Apr 03 21:36:45 EDT 2018]; root of context hierarchy
[2018-04-03 21:39:35.769] [Thread-3] [INFO ] [AnnotationMBeanExporter] - Unregistering JMX-exposed beans on shutdown
